
--- NEW SESSION: 13/09/2021 16:29:18 ---
/Simulation/Trunk/cableL1/dofs.showColor = 1 1 1 1
/Simulation/Trunk/cableL0/dofs.showColor = 1 1 1 1
/Simulation/Trunk/cableS1/dofs.showColor = 1 1 1 1

--- NEW SESSION: 18/09/2021 01:15:05 ---
/Simulation/Trunk/cableL0/dofs.constraint = 0 21 0 0.00129493 -0.00326607 0.999994  1 0.0659875 -0.150161 -0.0141271  2 -0.0503784 -0.184857 -0.0449746  3 0.0621496 -0.043678 -0.0201015  4 -0.0238103 -0.111401 -0.0527236  5 0.0516956 0.0564462 0.0250551  6 0.000134871 -0.01076 -0.00536091  7 0.0319462 0.113667 0.0444996  8 0.0188819 0.0734852 0.0202062  9 0.0106252 -0.0397512 -0.0136207  10 -0.0193113 -0.148909 -0.0579568  11 0.0245804 -0.0302608 -0.0207004  12 -0.024894 -0.117979 -0.0722105  13 0.0277785 0.0340947 0.0191408  14 -0.0144315 -0.0479926 -0.0325497  15 0.0347037 0.0849713 0.0525714  16 0.00303387 0.000299156 -0.000537828  17 0.0358049 0.11988 0.0562473  18 -0.000313791 0.0196146 0.00884565  19 0.0315768 0.136934 0.0390931  20 -0.267055 0.249626 -0.930789  

/Simulation/Trunk/cableL0/dofs.showColor = 1 1 1 1

--- NEW SESSION: 17/10/2021 21:30:17 ---
/Simulation/Trunk/cableL0/dofs.constraint = 0 21 0 0.00699213 0.012089 0.999902  1 0.166923 0.0287715 -0.01599  2 0.0828883 0.0582805 -0.0225474  3 -0.0881913 -0.170177 0.0217543  4 0.0787672 -0.0659866 -0.0239384  5 0.713087 0.40851 -0.897545  6 -0.722411 -0.111958 0.896424  7 -0.412251 -0.180439 0.0264287  8 0.315084 0.234408 -0.0177584  9 -0.0314916 0.03351 -0.00391268  10 0.117175 -0.0465929 -0.00966647  11 -0.0938822 -0.279337 0.0348589  12 0.00858382 -0.28607 -0.0677805  13 -0.118811 -0.278728 -0.155298  14 -0.140212 -0.245382 -0.322626  15 -0.00379637 -0.0988748 -0.346753  16 0.00821103 0.0762123 -0.490322  17 -0.0701699 0.241418 -0.324233  18 -0.051632 0.417743 -0.219563  19 0.0196632 -0.339783 0.162258  20 0.215471 0.592385 0.776306  

/Simulation/Trunk/cableL0/dofs.showColor = 1 1 1 1
/Simulation/Trunk/cableL0/cable.cableLength = 176.243
/Simulation/Trunk/cableL0/cable.displacement = 8.32562
/Simulation/Trunk/cableL0/cable.force = 0
/Simulation/Trunk/cableL0/cable.color = 0.4 0.4 0.4 1
/Simulation/Trunk/cableS0/cable.cableLength = 70.0676
/Simulation/Trunk/cableS0/cable.displacement = 20.963
/Simulation/Trunk/cableS0/cable.force = 35.4496
/Simulation/Trunk/cableS0/cable.color = 0.4 0.4 0.4 1

--- NEW SESSION: 18/10/2021 00:49:36 ---
/Simulation/Trunk/cableL0/cable.cableLength = 127.457
/Simulation/Trunk/cableL0/cable.displacement = 57.112
/Simulation/Trunk/cableL0/cable.force = 0
/Simulation/Trunk/cableL0/cable.color = 0.4 0.4 0.4 1
